2022-09-24 14:55:19.443 [main] [INFO ] org.springframework.boot.StartupInfoLogger.logStarting(StartupInfoLogger.java:55) com.lxc.springboot_log.SpringbootLogApplication - Starting SpringbootLogApplication using Java 11.0.9 on DESKTOP-M7IEG4F with PID 23008 (E:\IdeaProjects\Java日志框架\springboot_log\target\classes started by Administrator in E:\IdeaProjects\Java日志框架)
 2022-09-24 14:55:19.443 [main] [DEBUG] org.springframework.boot.StartupInfoLogger.logStarting(StartupInfoLogger.java:56) com.lxc.springboot_log.SpringbootLogApplication - Running with Spring Boot v2.5.6, Spring v5.3.12
 2022-09-24 14:55:19.443 [main] [INFO ] org.springframework.boot.SpringApplication.logStartupProfileInfo(SpringApplication.java:663) com.lxc.springboot_log.SpringbootLogApplication - The following profiles are active: pro
 2022-09-24 14:55:19.959 [main] [INFO ] org.springframework.boot.web.embedded.tomcat.TomcatWebServer.initialize(TomcatWebServer.java:108) org.springframework.boot.web.embedded.tomcat.TomcatWebServer - Tomcat initialized with port(s): 8080 (http)
 2022-09-24 14:55:19.975 [main] [INFO ] org.apache.juli.logging.DirectJDKLog.log(DirectJDKLog.java:173) org.apache.coyote.http11.Http11NioProtocol - Initializing ProtocolHandler ["http-nio-8080"]
 2022-09-24 14:55:19.975 [main] [INFO ] org.apache.juli.logging.DirectJDKLog.log(DirectJDKLog.java:173) org.apache.catalina.core.StandardService - Starting service [Tomcat]
 2022-09-24 14:55:19.975 [main] [INFO ] org.apache.juli.logging.DirectJDKLog.log(DirectJDKLog.java:173) org.apache.catalina.core.StandardEngine - Starting Servlet engine: [Apache Tomcat/9.0.54]
 2022-09-24 14:55:20.037 [main] [INFO ] org.apache.juli.logging.DirectJDKLog.log(DirectJDKLog.java:173) org.apache.catalina.core.ContainerBase.[Tomcat].[localhost].[/] - Initializing Spring embedded WebApplicationContext
 2022-09-24 14:55:20.037 [main] [INFO ] org.springframework.boot.web.servlet.context.ServletWebServerApplicationContext.prepareWebApplicationContext(ServletWebServerApplicationContext.java:290) org.springframework.boot.web.servlet.context.ServletWebServerApplicationContext - Root WebApplicationContext: initialization completed in 562 ms
 2022-09-24 14:55:20.209 [main] [INFO ] org.apache.juli.logging.DirectJDKLog.log(DirectJDKLog.java:173) org.apache.coyote.http11.Http11NioProtocol - Starting ProtocolHandler ["http-nio-8080"]
 2022-09-24 14:55:20.225 [main] [INFO ] org.springframework.boot.web.embedded.tomcat.TomcatWebServer.start(TomcatWebServer.java:220) org.springframework.boot.web.embedded.tomcat.TomcatWebServer - Tomcat started on port(s): 8080 (http) with context path ''
 2022-09-24 14:55:20.225 [main] [INFO ] org.springframework.boot.StartupInfoLogger.logStarted(StartupInfoLogger.java:61) com.lxc.springboot_log.SpringbootLogApplication - Started SpringbootLogApplication in 1.042 seconds (JVM running for 2.2)
 2022-09-24 14:55:42.485 [http-nio-8080-exec-1] [INFO ] org.apache.juli.logging.DirectJDKLog.log(DirectJDKLog.java:173) org.apache.catalina.core.ContainerBase.[Tomcat].[localhost].[/] - Initializing Spring DispatcherServlet 'dispatcherServlet'
 2022-09-24 14:55:42.501 [http-nio-8080-exec-1] [INFO ] org.springframework.web.servlet.FrameworkServlet.initServletBean(FrameworkServlet.java:525) org.springframework.web.servlet.DispatcherServlet - Initializing Servlet 'dispatcherServlet'
 2022-09-24 14:55:42.501 [http-nio-8080-exec-1] [INFO ] org.springframework.web.servlet.FrameworkServlet.initServletBean(FrameworkServlet.java:547) org.springframework.web.servlet.DispatcherServlet - Completed initialization in 0 ms
 2022-09-24 14:55:42.501 [http-nio-8080-exec-1] [INFO ] com.lxc.springboot_log.controller.SystemController.home(SystemController.java:14) com.lxc.springboot_log.controller.SystemController - 链接被访问
 2022-09-24 14:55:42.501 [http-nio-8080-exec-1] [ERROR] com.lxc.springboot_log.controller.SystemController.home(SystemController.java:15) com.lxc.springboot_log.controller.SystemController - 链接被访问出错
 2022-09-24 14:58:52.140 [main] [INFO ] org.springframework.boot.StartupInfoLogger.logStarting(StartupInfoLogger.java:55) com.lxc.springboot_log.SpringbootLogApplication - Starting SpringbootLogApplication using Java 11.0.9 on DESKTOP-M7IEG4F with PID 24640 (E:\IdeaProjects\Java日志框架\springboot_log\target\classes started by Administrator in E:\IdeaProjects\Java日志框架)
 2022-09-24 14:58:52.155 [main] [DEBUG] org.springframework.boot.StartupInfoLogger.logStarting(StartupInfoLogger.java:56) com.lxc.springboot_log.SpringbootLogApplication - Running with Spring Boot v2.5.6, Spring v5.3.12
 2022-09-24 14:58:52.155 [main] [INFO ] org.springframework.boot.SpringApplication.logStartupProfileInfo(SpringApplication.java:663) com.lxc.springboot_log.SpringbootLogApplication - The following profiles are active: pro
 2022-09-24 14:58:52.624 [main] [INFO ] org.springframework.boot.web.embedded.tomcat.TomcatWebServer.initialize(TomcatWebServer.java:108) org.springframework.boot.web.embedded.tomcat.TomcatWebServer - Tomcat initialized with port(s): 8080 (http)
 2022-09-24 14:58:52.624 [main] [INFO ] org.apache.juli.logging.DirectJDKLog.log(DirectJDKLog.java:173) org.apache.coyote.http11.Http11NioProtocol - Initializing ProtocolHandler ["http-nio-8080"]
 2022-09-24 14:58:52.624 [main] [INFO ] org.apache.juli.logging.DirectJDKLog.log(DirectJDKLog.java:173) org.apache.catalina.core.StandardService - Starting service [Tomcat]
 2022-09-24 14:58:52.640 [main] [INFO ] org.apache.juli.logging.DirectJDKLog.log(DirectJDKLog.java:173) org.apache.catalina.core.StandardEngine - Starting Servlet engine: [Apache Tomcat/9.0.54]
 2022-09-24 14:58:52.686 [main] [INFO ] org.apache.juli.logging.DirectJDKLog.log(DirectJDKLog.java:173) org.apache.catalina.core.ContainerBase.[Tomcat].[localhost].[/] - Initializing Spring embedded WebApplicationContext
 2022-09-24 14:58:52.686 [main] [INFO ] org.springframework.boot.web.servlet.context.ServletWebServerApplicationContext.prepareWebApplicationContext(ServletWebServerApplicationContext.java:290) org.springframework.boot.web.servlet.context.ServletWebServerApplicationContext - Root WebApplicationContext: initialization completed in 515 ms
 2022-09-24 14:58:52.858 [main] [INFO ] org.apache.juli.logging.DirectJDKLog.log(DirectJDKLog.java:173) org.apache.coyote.http11.Http11NioProtocol - Starting ProtocolHandler ["http-nio-8080"]
 2022-09-24 14:58:52.874 [main] [INFO ] org.springframework.boot.web.embedded.tomcat.TomcatWebServer.start(TomcatWebServer.java:220) org.springframework.boot.web.embedded.tomcat.TomcatWebServer - Tomcat started on port(s): 8080 (http) with context path ''
 2022-09-24 14:58:52.874 [main] [INFO ] org.springframework.boot.StartupInfoLogger.logStarted(StartupInfoLogger.java:61) com.lxc.springboot_log.SpringbootLogApplication - Started SpringbootLogApplication in 0.987 seconds (JVM running for 2.331)
 2022-09-24 14:59:52.126 [main] [INFO ] org.springframework.boot.StartupInfoLogger.logStarting(StartupInfoLogger.java:55) com.lxc.springboot_log.SpringbootLogApplication - Starting SpringbootLogApplication using Java 11.0.9 on DESKTOP-M7IEG4F with PID 18776 (E:\IdeaProjects\Java日志框架\springboot_log\target\classes started by Administrator in E:\IdeaProjects\Java日志框架)
 2022-09-24 14:59:52.126 [main] [INFO ] org.springframework.boot.SpringApplication.logStartupProfileInfo(SpringApplication.java:659) com.lxc.springboot_log.SpringbootLogApplication - No active profile set, falling back to default profiles: default
 2022-09-24 14:59:52.626 [main] [INFO ] org.springframework.boot.web.embedded.tomcat.TomcatWebServer.initialize(TomcatWebServer.java:108) org.springframework.boot.web.embedded.tomcat.TomcatWebServer - Tomcat initialized with port(s): 8080 (http)
 2022-09-24 14:59:52.626 [main] [INFO ] org.apache.juli.logging.DirectJDKLog.log(DirectJDKLog.java:173) org.apache.coyote.http11.Http11NioProtocol - Initializing ProtocolHandler ["http-nio-8080"]
 2022-09-24 14:59:52.626 [main] [INFO ] org.apache.juli.logging.DirectJDKLog.log(DirectJDKLog.java:173) org.apache.catalina.core.StandardService - Starting service [Tomcat]
 2022-09-24 14:59:52.626 [main] [INFO ] org.apache.juli.logging.DirectJDKLog.log(DirectJDKLog.java:173) org.apache.catalina.core.StandardEngine - Starting Servlet engine: [Apache Tomcat/9.0.54]
 2022-09-24 14:59:52.688 [main] [INFO ] org.apache.juli.logging.DirectJDKLog.log(DirectJDKLog.java:173) org.apache.catalina.core.ContainerBase.[Tomcat].[localhost].[/] - Initializing Spring embedded WebApplicationContext
 2022-09-24 14:59:52.688 [main] [INFO ] org.springframework.boot.web.servlet.context.ServletWebServerApplicationContext.prepareWebApplicationContext(ServletWebServerApplicationContext.java:290) org.springframework.boot.web.servlet.context.ServletWebServerApplicationContext - Root WebApplicationContext: initialization completed in 531 ms
 2022-09-24 14:59:52.860 [main] [INFO ] org.apache.juli.logging.DirectJDKLog.log(DirectJDKLog.java:173) org.apache.coyote.http11.Http11NioProtocol - Starting ProtocolHandler ["http-nio-8080"]
 2022-09-24 14:59:52.876 [main] [INFO ] org.springframework.boot.web.embedded.tomcat.TomcatWebServer.start(TomcatWebServer.java:220) org.springframework.boot.web.embedded.tomcat.TomcatWebServer - Tomcat started on port(s): 8080 (http) with context path ''
 2022-09-24 14:59:52.876 [main] [INFO ] org.springframework.boot.StartupInfoLogger.logStarted(StartupInfoLogger.java:61) com.lxc.springboot_log.SpringbootLogApplication - Started SpringbootLogApplication in 1.02 seconds (JVM running for 2.19)
 2022-09-24 15:00:55.202 [main] [INFO ] org.springframework.boot.StartupInfoLogger.logStarting(StartupInfoLogger.java:55) com.lxc.springboot_log.SpringbootLogApplication - Starting SpringbootLogApplication using Java 11.0.9 on DESKTOP-M7IEG4F with PID 15768 (E:\IdeaProjects\Java日志框架\springboot_log\target\classes started by Administrator in E:\IdeaProjects\Java日志框架)
 2022-09-24 15:00:55.202 [main] [INFO ] org.springframework.boot.SpringApplication.logStartupProfileInfo(SpringApplication.java:659) com.lxc.springboot_log.SpringbootLogApplication - No active profile set, falling back to default profiles: default
 2022-09-24 15:00:55.702 [main] [INFO ] org.springframework.boot.web.embedded.tomcat.TomcatWebServer.initialize(TomcatWebServer.java:108) org.springframework.boot.web.embedded.tomcat.TomcatWebServer - Tomcat initialized with port(s): 8080 (http)
 2022-09-24 15:00:55.718 [main] [INFO ] org.apache.juli.logging.DirectJDKLog.log(DirectJDKLog.java:173) org.apache.coyote.http11.Http11NioProtocol - Initializing ProtocolHandler ["http-nio-8080"]
 2022-09-24 15:00:55.718 [main] [INFO ] org.apache.juli.logging.DirectJDKLog.log(DirectJDKLog.java:173) org.apache.catalina.core.StandardService - Starting service [Tomcat]
 2022-09-24 15:00:55.718 [main] [INFO ] org.apache.juli.logging.DirectJDKLog.log(DirectJDKLog.java:173) org.apache.catalina.core.StandardEngine - Starting Servlet engine: [Apache Tomcat/9.0.54]
 2022-09-24 15:00:55.765 [main] [INFO ] org.apache.juli.logging.DirectJDKLog.log(DirectJDKLog.java:173) org.apache.catalina.core.ContainerBase.[Tomcat].[localhost].[/] - Initializing Spring embedded WebApplicationContext
 2022-09-24 15:00:55.765 [main] [INFO ] org.springframework.boot.web.servlet.context.ServletWebServerApplicationContext.prepareWebApplicationContext(ServletWebServerApplicationContext.java:290) org.springframework.boot.web.servlet.context.ServletWebServerApplicationContext - Root WebApplicationContext: initialization completed in 531 ms
 2022-09-24 15:00:55.937 [main] [INFO ] org.apache.juli.logging.DirectJDKLog.log(DirectJDKLog.java:173) org.apache.coyote.http11.Http11NioProtocol - Starting ProtocolHandler ["http-nio-8080"]
 2022-09-24 15:00:55.952 [main] [INFO ] org.springframework.boot.web.embedded.tomcat.TomcatWebServer.start(TomcatWebServer.java:220) org.springframework.boot.web.embedded.tomcat.TomcatWebServer - Tomcat started on port(s): 8080 (http) with context path ''
 2022-09-24 15:00:55.952 [main] [INFO ] org.springframework.boot.StartupInfoLogger.logStarted(StartupInfoLogger.java:61) com.lxc.springboot_log.SpringbootLogApplication - Started SpringbootLogApplication in 0.998 seconds (JVM running for 2.278)
 2022-09-24 15:01:13.495 [http-nio-8080-exec-1] [INFO ] org.apache.juli.logging.DirectJDKLog.log(DirectJDKLog.java:173) org.apache.catalina.core.ContainerBase.[Tomcat].[localhost].[/] - Initializing Spring DispatcherServlet 'dispatcherServlet'
 2022-09-24 15:01:13.495 [http-nio-8080-exec-1] [INFO ] org.springframework.web.servlet.FrameworkServlet.initServletBean(FrameworkServlet.java:525) org.springframework.web.servlet.DispatcherServlet - Initializing Servlet 'dispatcherServlet'
 2022-09-24 15:01:13.495 [http-nio-8080-exec-1] [INFO ] org.springframework.web.servlet.FrameworkServlet.initServletBean(FrameworkServlet.java:547) org.springframework.web.servlet.DispatcherServlet - Completed initialization in 0 ms
 2022-09-24 15:01:13.510 [http-nio-8080-exec-1] [INFO ] com.lxc.springboot_log.controller.SystemController.home(SystemController.java:14) com.lxc.springboot_log.controller.SystemController - 链接被访问
 2022-09-24 15:01:13.510 [http-nio-8080-exec-1] [ERROR] com.lxc.springboot_log.controller.SystemController.home(SystemController.java:15) com.lxc.springboot_log.controller.SystemController - 链接被访问出错
 2022-09-27 16:56:17.824 [main] [INFO ]  com.lxc.test.testLogger - Test info
 2022-09-27 16:56:37.241 [main] [INFO ]  com.lxc.test.testLogger - Test info
 2022-09-27 16:58:13.080 [main] [INFO ]  com.lxc.test.testLogger - Test info
 2022-09-27 16:58:25.077 [main] [INFO ]  com.lxc.test.testLogger - Test info
 2022-09-27 16:59:30.421 [main] [INFO ]  com.lxc.test.testLogger - Test info
 2022-09-27 17:01:41.328 [main] [INFO ]  com.lxc.test.testLogger - Test info
 2022-09-27 17:01:59.371 [main] [INFO ]  com.lxc.test.testLogger - Test info
 2022-09-27 17:02:37.222 [main] [INFO ]  com.lxc.test.testLogger - Test info
 2022-09-27 17:02:51.906 [main] [INFO ]  com.lxc.test.testLogger - Test info
 2022-09-27 17:03:12.729 [main] [INFO ]  com.lxc.test.testLogger - Test info
 2022-09-27 17:03:36.630 [main] [INFO ]  com.lxc.test.testLogger - Test info
 2023-05-17 13:58:47.726 [main] [INFO ] org.springframework.boot.StartupInfoLogger.logStarting(StartupInfoLogger.java:55) com.lxc.springboot_log.SpringbootLogApplication - Starting SpringbootLogApplication using Java 11.0.9 on DESKTOP-74D2RB8 with PID 20244 (E:\IdeaProjects\Java日志框架\springboot_log\target\classes started by Administrator in E:\IdeaProjects\Java日志框架)
 2023-05-17 13:58:47.726 [main] [DEBUG] org.springframework.boot.StartupInfoLogger.logStarting(StartupInfoLogger.java:56) com.lxc.springboot_log.SpringbootLogApplication - Running with Spring Boot v2.5.6, Spring v5.3.12
 2023-05-17 13:58:47.726 [main] [INFO ] org.springframework.boot.SpringApplication.logStartupProfileInfo(SpringApplication.java:663) com.lxc.springboot_log.SpringbootLogApplication - The following profiles are active: dev
 2023-05-17 13:58:48.241 [main] [INFO ] org.springframework.boot.web.embedded.tomcat.TomcatWebServer.initialize(TomcatWebServer.java:108) org.springframework.boot.web.embedded.tomcat.TomcatWebServer - Tomcat initialized with port(s): 8080 (http)
 2023-05-17 13:58:48.257 [main] [INFO ] org.apache.juli.logging.DirectJDKLog.log(DirectJDKLog.java:173) org.apache.coyote.http11.Http11NioProtocol - Initializing ProtocolHandler ["http-nio-8080"]
 2023-05-17 13:58:48.257 [main] [INFO ] org.apache.juli.logging.DirectJDKLog.log(DirectJDKLog.java:173) org.apache.catalina.core.StandardService - Starting service [Tomcat]
 2023-05-17 13:58:48.257 [main] [INFO ] org.apache.juli.logging.DirectJDKLog.log(DirectJDKLog.java:173) org.apache.catalina.core.StandardEngine - Starting Servlet engine: [Apache Tomcat/9.0.54]
 2023-05-17 13:58:48.304 [main] [INFO ] org.apache.juli.logging.DirectJDKLog.log(DirectJDKLog.java:173) org.apache.catalina.core.ContainerBase.[Tomcat].[localhost].[/] - Initializing Spring embedded WebApplicationContext
 2023-05-17 13:58:48.304 [main] [INFO ] org.springframework.boot.web.servlet.context.ServletWebServerApplicationContext.prepareWebApplicationContext(ServletWebServerApplicationContext.java:290) org.springframework.boot.web.servlet.context.ServletWebServerApplicationContext - Root WebApplicationContext: initialization completed in 563 ms
 2023-05-17 13:58:48.475 [main] [INFO ] org.apache.juli.logging.DirectJDKLog.log(DirectJDKLog.java:173) org.apache.coyote.http11.Http11NioProtocol - Starting ProtocolHandler ["http-nio-8080"]
 2023-05-17 13:58:48.491 [main] [INFO ] org.springframework.boot.web.embedded.tomcat.TomcatWebServer.start(TomcatWebServer.java:220) org.springframework.boot.web.embedded.tomcat.TomcatWebServer - Tomcat started on port(s): 8080 (http) with context path ''
 2023-05-17 13:58:48.507 [main] [INFO ] org.springframework.boot.StartupInfoLogger.logStarted(StartupInfoLogger.java:61) com.lxc.springboot_log.SpringbootLogApplication - Started SpringbootLogApplication in 1.018 seconds (JVM running for 1.929)
 2023-05-17 13:59:30.722 [http-nio-8080-exec-1] [INFO ] org.apache.juli.logging.DirectJDKLog.log(DirectJDKLog.java:173) org.apache.catalina.core.ContainerBase.[Tomcat].[localhost].[/] - Initializing Spring DispatcherServlet 'dispatcherServlet'
 2023-05-17 13:59:30.723 [http-nio-8080-exec-1] [INFO ] org.springframework.web.servlet.FrameworkServlet.initServletBean(FrameworkServlet.java:525) org.springframework.web.servlet.DispatcherServlet - Initializing Servlet 'dispatcherServlet'
 2023-05-17 13:59:30.723 [http-nio-8080-exec-1] [INFO ] org.springframework.web.servlet.FrameworkServlet.initServletBean(FrameworkServlet.java:547) org.springframework.web.servlet.DispatcherServlet - Completed initialization in 0 ms
 2023-05-17 13:59:30.739 [http-nio-8080-exec-1] [INFO ] com.lxc.springboot_log.controller.systemController.test(systemController.java:17) com.lxc.springboot_log.controller.systemController - 给前端返回一段话
 2023-05-17 14:07:37.451 [main] [INFO ] org.springframework.boot.StartupInfoLogger.logStarting(StartupInfoLogger.java:55) com.lxc.springboot_log.SpringbootLogApplication - Starting SpringbootLogApplication using Java 11.0.9 on DESKTOP-74D2RB8 with PID 1768 (E:\IdeaProjects\Java日志框架\springboot_log\target\classes started by Administrator in E:\IdeaProjects\Java日志框架)
 2023-05-17 14:07:37.466 [main] [DEBUG] org.springframework.boot.StartupInfoLogger.logStarting(StartupInfoLogger.java:56) com.lxc.springboot_log.SpringbootLogApplication - Running with Spring Boot v2.5.6, Spring v5.3.12
 2023-05-17 14:07:37.466 [main] [INFO ] org.springframework.boot.SpringApplication.logStartupProfileInfo(SpringApplication.java:663) com.lxc.springboot_log.SpringbootLogApplication - The following profiles are active: dev
 2023-05-17 14:07:37.966 [main] [INFO ] org.springframework.boot.web.embedded.tomcat.TomcatWebServer.initialize(TomcatWebServer.java:108) org.springframework.boot.web.embedded.tomcat.TomcatWebServer - Tomcat initialized with port(s): 8080 (http)
 2023-05-17 14:07:37.982 [main] [INFO ] org.apache.juli.logging.DirectJDKLog.log(DirectJDKLog.java:173) org.apache.coyote.http11.Http11NioProtocol - Initializing ProtocolHandler ["http-nio-8080"]
 2023-05-17 14:07:37.982 [main] [INFO ] org.apache.juli.logging.DirectJDKLog.log(DirectJDKLog.java:173) org.apache.catalina.core.StandardService - Starting service [Tomcat]
 2023-05-17 14:07:37.982 [main] [INFO ] org.apache.juli.logging.DirectJDKLog.log(DirectJDKLog.java:173) org.apache.catalina.core.StandardEngine - Starting Servlet engine: [Apache Tomcat/9.0.54]
 2023-05-17 14:07:38.029 [main] [INFO ] org.apache.juli.logging.DirectJDKLog.log(DirectJDKLog.java:173) org.apache.catalina.core.ContainerBase.[Tomcat].[localhost].[/] - Initializing Spring embedded WebApplicationContext
 2023-05-17 14:07:38.029 [main] [INFO ] org.springframework.boot.web.servlet.context.ServletWebServerApplicationContext.prepareWebApplicationContext(ServletWebServerApplicationContext.java:290) org.springframework.boot.web.servlet.context.ServletWebServerApplicationContext - Root WebApplicationContext: initialization completed in 547 ms
 2023-05-17 14:07:38.185 [main] [INFO ] org.apache.juli.logging.DirectJDKLog.log(DirectJDKLog.java:173) org.apache.coyote.http11.Http11NioProtocol - Starting ProtocolHandler ["http-nio-8080"]
 2023-05-17 14:07:38.201 [main] [INFO ] org.springframework.boot.web.embedded.tomcat.TomcatWebServer.start(TomcatWebServer.java:220) org.springframework.boot.web.embedded.tomcat.TomcatWebServer - Tomcat started on port(s): 8080 (http) with context path ''
 2023-05-17 14:07:38.201 [main] [INFO ] org.springframework.boot.StartupInfoLogger.logStarted(StartupInfoLogger.java:61) com.lxc.springboot_log.SpringbootLogApplication - Started SpringbootLogApplication in 0.972 seconds (JVM running for 1.828)
 2023-05-17 14:07:43.467 [http-nio-8080-exec-1] [INFO ] org.apache.juli.logging.DirectJDKLog.log(DirectJDKLog.java:173) org.apache.catalina.core.ContainerBase.[Tomcat].[localhost].[/] - Initializing Spring DispatcherServlet 'dispatcherServlet'
 2023-05-17 14:07:43.467 [http-nio-8080-exec-1] [INFO ] org.springframework.web.servlet.FrameworkServlet.initServletBean(FrameworkServlet.java:525) org.springframework.web.servlet.DispatcherServlet - Initializing Servlet 'dispatcherServlet'
 2023-05-17 14:07:43.468 [http-nio-8080-exec-1] [INFO ] org.springframework.web.servlet.FrameworkServlet.initServletBean(FrameworkServlet.java:547) org.springframework.web.servlet.DispatcherServlet - Completed initialization in 1 ms
 2023-05-17 14:07:43.482 [http-nio-8080-exec-1] [INFO ] com.lxc.springboot_log.logs.myLog.logInfo(myLog.java:11) com.lxc.springboot_log.* - 给前端返回一段话
 2023-05-17 14:09:26.464 [main] [INFO ] org.springframework.boot.StartupInfoLogger.logStarting(StartupInfoLogger.java:55) com.lxc.springboot_log.SpringbootLogApplication - Starting SpringbootLogApplication using Java 11.0.9 on DESKTOP-74D2RB8 with PID 23360 (E:\IdeaProjects\Java日志框架\springboot_log\target\classes started by Administrator in E:\IdeaProjects\Java日志框架)
 2023-05-17 14:09:26.480 [main] [DEBUG] org.springframework.boot.StartupInfoLogger.logStarting(StartupInfoLogger.java:56) com.lxc.springboot_log.SpringbootLogApplication - Running with Spring Boot v2.5.6, Spring v5.3.12
 2023-05-17 14:09:26.480 [main] [INFO ] org.springframework.boot.SpringApplication.logStartupProfileInfo(SpringApplication.java:663) com.lxc.springboot_log.SpringbootLogApplication - The following profiles are active: dev
 2023-05-17 14:09:26.964 [main] [INFO ] org.springframework.boot.web.embedded.tomcat.TomcatWebServer.initialize(TomcatWebServer.java:108) org.springframework.boot.web.embedded.tomcat.TomcatWebServer - Tomcat initialized with port(s): 8080 (http)
 2023-05-17 14:09:26.964 [main] [INFO ] org.apache.juli.logging.DirectJDKLog.log(DirectJDKLog.java:173) org.apache.coyote.http11.Http11NioProtocol - Initializing ProtocolHandler ["http-nio-8080"]
 2023-05-17 14:09:26.964 [main] [INFO ] org.apache.juli.logging.DirectJDKLog.log(DirectJDKLog.java:173) org.apache.catalina.core.StandardService - Starting service [Tomcat]
 2023-05-17 14:09:26.964 [main] [INFO ] org.apache.juli.logging.DirectJDKLog.log(DirectJDKLog.java:173) org.apache.catalina.core.StandardEngine - Starting Servlet engine: [Apache Tomcat/9.0.54]
 2023-05-17 14:09:27.011 [main] [INFO ] org.apache.juli.logging.DirectJDKLog.log(DirectJDKLog.java:173) org.apache.catalina.core.ContainerBase.[Tomcat].[localhost].[/] - Initializing Spring embedded WebApplicationContext
 2023-05-17 14:09:27.011 [main] [INFO ] org.springframework.boot.web.servlet.context.ServletWebServerApplicationContext.prepareWebApplicationContext(ServletWebServerApplicationContext.java:290) org.springframework.boot.web.servlet.context.ServletWebServerApplicationContext - Root WebApplicationContext: initialization completed in 515 ms
 2023-05-17 14:09:27.167 [main] [INFO ] org.apache.juli.logging.DirectJDKLog.log(DirectJDKLog.java:173) org.apache.coyote.http11.Http11NioProtocol - Starting ProtocolHandler ["http-nio-8080"]
 2023-05-17 14:09:27.183 [main] [INFO ] org.springframework.boot.web.embedded.tomcat.TomcatWebServer.start(TomcatWebServer.java:220) org.springframework.boot.web.embedded.tomcat.TomcatWebServer - Tomcat started on port(s): 8080 (http) with context path ''
 2023-05-17 14:09:27.183 [main] [INFO ] org.springframework.boot.StartupInfoLogger.logStarted(StartupInfoLogger.java:61) com.lxc.springboot_log.SpringbootLogApplication - Started SpringbootLogApplication in 0.948 seconds (JVM running for 1.789)
 2023-05-17 14:09:36.294 [http-nio-8080-exec-1] [INFO ] org.apache.juli.logging.DirectJDKLog.log(DirectJDKLog.java:173) org.apache.catalina.core.ContainerBase.[Tomcat].[localhost].[/] - Initializing Spring DispatcherServlet 'dispatcherServlet'
 2023-05-17 14:09:36.294 [http-nio-8080-exec-1] [INFO ] org.springframework.web.servlet.FrameworkServlet.initServletBean(FrameworkServlet.java:525) org.springframework.web.servlet.DispatcherServlet - Initializing Servlet 'dispatcherServlet'
 2023-05-17 14:09:36.295 [http-nio-8080-exec-1] [INFO ] org.springframework.web.servlet.FrameworkServlet.initServletBean(FrameworkServlet.java:547) org.springframework.web.servlet.DispatcherServlet - Completed initialization in 1 ms
 2023-05-17 14:09:36.309 [http-nio-8080-exec-1] [INFO ] com.lxc.springboot_log.logs.myLog.logInfo(myLog.java:11) com.lxc.springboot_log.* - 系统控制器给前端返回一段话
 2023-05-17 14:09:54.185 [http-nio-8080-exec-2] [INFO ] com.lxc.springboot_log.logs.myLog.logInfo(myLog.java:11) com.lxc.springboot_log.* - 用户控制器给前端返回一段话
 2023-05-17 14:10:30.360 [main] [INFO ] org.springframework.boot.StartupInfoLogger.logStarting(StartupInfoLogger.java:55) com.lxc.springboot_log.SpringbootLogApplication - Starting SpringbootLogApplication using Java 11.0.9 on DESKTOP-74D2RB8 with PID 10268 (E:\IdeaProjects\Java日志框架\springboot_log\target\classes started by Administrator in E:\IdeaProjects\Java日志框架)
 2023-05-17 14:10:30.360 [main] [DEBUG] org.springframework.boot.StartupInfoLogger.logStarting(StartupInfoLogger.java:56) com.lxc.springboot_log.SpringbootLogApplication - Running with Spring Boot v2.5.6, Spring v5.3.12
 2023-05-17 14:10:30.360 [main] [INFO ] org.springframework.boot.SpringApplication.logStartupProfileInfo(SpringApplication.java:663) com.lxc.springboot_log.SpringbootLogApplication - The following profiles are active: dev
 2023-05-17 14:10:30.829 [main] [INFO ] org.springframework.boot.web.embedded.tomcat.TomcatWebServer.initialize(TomcatWebServer.java:108) org.springframework.boot.web.embedded.tomcat.TomcatWebServer - Tomcat initialized with port(s): 8080 (http)
 2023-05-17 14:10:30.829 [main] [INFO ] org.apache.juli.logging.DirectJDKLog.log(DirectJDKLog.java:173) org.apache.coyote.http11.Http11NioProtocol - Initializing ProtocolHandler ["http-nio-8080"]
 2023-05-17 14:10:30.829 [main] [INFO ] org.apache.juli.logging.DirectJDKLog.log(DirectJDKLog.java:173) org.apache.catalina.core.StandardService - Starting service [Tomcat]
 2023-05-17 14:10:30.829 [main] [INFO ] org.apache.juli.logging.DirectJDKLog.log(DirectJDKLog.java:173) org.apache.catalina.core.StandardEngine - Starting Servlet engine: [Apache Tomcat/9.0.54]
 2023-05-17 14:10:30.876 [main] [INFO ] org.apache.juli.logging.DirectJDKLog.log(DirectJDKLog.java:173) org.apache.catalina.core.ContainerBase.[Tomcat].[localhost].[/] - Initializing Spring embedded WebApplicationContext
 2023-05-17 14:10:30.876 [main] [INFO ] org.springframework.boot.web.servlet.context.ServletWebServerApplicationContext.prepareWebApplicationContext(ServletWebServerApplicationContext.java:290) org.springframework.boot.web.servlet.context.ServletWebServerApplicationContext - Root WebApplicationContext: initialization completed in 484 ms
 2023-05-17 14:10:31.048 [main] [INFO ] org.apache.juli.logging.DirectJDKLog.log(DirectJDKLog.java:173) org.apache.coyote.http11.Http11NioProtocol - Starting ProtocolHandler ["http-nio-8080"]
 2023-05-17 14:10:31.048 [main] [INFO ] org.springframework.boot.web.embedded.tomcat.TomcatWebServer.start(TomcatWebServer.java:220) org.springframework.boot.web.embedded.tomcat.TomcatWebServer - Tomcat started on port(s): 8080 (http) with context path ''
 2023-05-17 14:10:31.063 [main] [INFO ] org.springframework.boot.StartupInfoLogger.logStarted(StartupInfoLogger.java:61) com.lxc.springboot_log.SpringbootLogApplication - Started SpringbootLogApplication in 0.921 seconds (JVM running for 1.878)
 2023-05-17 14:10:50.684 [http-nio-8080-exec-1] [INFO ] org.apache.juli.logging.DirectJDKLog.log(DirectJDKLog.java:173) org.apache.catalina.core.ContainerBase.[Tomcat].[localhost].[/] - Initializing Spring DispatcherServlet 'dispatcherServlet'
 2023-05-17 14:10:50.684 [http-nio-8080-exec-1] [INFO ] org.springframework.web.servlet.FrameworkServlet.initServletBean(FrameworkServlet.java:525) org.springframework.web.servlet.DispatcherServlet - Initializing Servlet 'dispatcherServlet'
 2023-05-17 14:10:50.685 [http-nio-8080-exec-1] [INFO ] org.springframework.web.servlet.FrameworkServlet.initServletBean(FrameworkServlet.java:547) org.springframework.web.servlet.DispatcherServlet - Completed initialization in 1 ms
 2023-05-17 14:10:50.700 [http-nio-8080-exec-1] [INFO ] com.lxc.springboot_log.logs.myLog.logInfo(myLog.java:11) com.lxc.springboot_log.* - 系统控制器给前端返回一段话
 2023-05-17 14:10:52.786 [http-nio-8080-exec-2] [INFO ] com.lxc.springboot_log.logs.myLog.logInfo(myLog.java:11) com.lxc.springboot_log.* - 用户控制器给前端返回一段话
 2023-05-17 14:15:19.461 [main] [INFO ] org.springframework.boot.StartupInfoLogger.logStarting(StartupInfoLogger.java:55) com.lxc.springboot_log.SpringbootLogApplication - Starting SpringbootLogApplication using Java 11.0.9 on DESKTOP-74D2RB8 with PID 21392 (E:\IdeaProjects\Java日志框架\springboot_log\target\classes started by Administrator in E:\IdeaProjects\Java日志框架)
 2023-05-17 14:15:19.461 [main] [DEBUG] org.springframework.boot.StartupInfoLogger.logStarting(StartupInfoLogger.java:56) com.lxc.springboot_log.SpringbootLogApplication - Running with Spring Boot v2.5.6, Spring v5.3.12
 2023-05-17 14:15:19.461 [main] [INFO ] org.springframework.boot.SpringApplication.logStartupProfileInfo(SpringApplication.java:663) com.lxc.springboot_log.SpringbootLogApplication - The following profiles are active: dev
 2023-05-17 14:15:20.039 [main] [INFO ] org.springframework.boot.web.embedded.tomcat.TomcatWebServer.initialize(TomcatWebServer.java:108) org.springframework.boot.web.embedded.tomcat.TomcatWebServer - Tomcat initialized with port(s): 8080 (http)
 2023-05-17 14:15:20.039 [main] [INFO ] org.apache.juli.logging.DirectJDKLog.log(DirectJDKLog.java:173) org.apache.coyote.http11.Http11NioProtocol - Initializing ProtocolHandler ["http-nio-8080"]
 2023-05-17 14:15:20.039 [main] [INFO ] org.apache.juli.logging.DirectJDKLog.log(DirectJDKLog.java:173) org.apache.catalina.core.StandardService - Starting service [Tomcat]
 2023-05-17 14:15:20.039 [main] [INFO ] org.apache.juli.logging.DirectJDKLog.log(DirectJDKLog.java:173) org.apache.catalina.core.StandardEngine - Starting Servlet engine: [Apache Tomcat/9.0.54]
 2023-05-17 14:15:20.102 [main] [INFO ] org.apache.juli.logging.DirectJDKLog.log(DirectJDKLog.java:173) org.apache.catalina.core.ContainerBase.[Tomcat].[localhost].[/] - Initializing Spring embedded WebApplicationContext
 2023-05-17 14:15:20.102 [main] [INFO ] org.springframework.boot.web.servlet.context.ServletWebServerApplicationContext.prepareWebApplicationContext(ServletWebServerApplicationContext.java:290) org.springframework.boot.web.servlet.context.ServletWebServerApplicationContext - Root WebApplicationContext: initialization completed in 609 ms
 2023-05-17 14:15:20.258 [main] [INFO ] org.apache.juli.logging.DirectJDKLog.log(DirectJDKLog.java:173) org.apache.coyote.http11.Http11NioProtocol - Starting ProtocolHandler ["http-nio-8080"]
 2023-05-17 14:15:20.274 [main] [INFO ] org.springframework.boot.web.embedded.tomcat.TomcatWebServer.start(TomcatWebServer.java:220) org.springframework.boot.web.embedded.tomcat.TomcatWebServer - Tomcat started on port(s): 8080 (http) with context path ''
 2023-05-17 14:15:20.274 [main] [INFO ] org.springframework.boot.StartupInfoLogger.logStarted(StartupInfoLogger.java:61) com.lxc.springboot_log.SpringbootLogApplication - Started SpringbootLogApplication in 1.052 seconds (JVM running for 2.056)
 2023-05-17 14:16:16.681 [main] [INFO ] org.springframework.boot.StartupInfoLogger.logStarting(StartupInfoLogger.java:55) com.lxc.springboot_log.SpringbootLogApplication - Starting SpringbootLogApplication using Java 11.0.9 on DESKTOP-74D2RB8 with PID 12784 (E:\IdeaProjects\Java日志框架\springboot_log\target\classes started by Administrator in E:\IdeaProjects\Java日志框架)
 2023-05-17 14:16:16.681 [main] [DEBUG] org.springframework.boot.StartupInfoLogger.logStarting(StartupInfoLogger.java:56) com.lxc.springboot_log.SpringbootLogApplication - Running with Spring Boot v2.5.6, Spring v5.3.12
 2023-05-17 14:16:16.681 [main] [INFO ] org.springframework.boot.SpringApplication.logStartupProfileInfo(SpringApplication.java:663) com.lxc.springboot_log.SpringbootLogApplication - The following profiles are active: dev
 2023-05-17 14:16:17.149 [main] [INFO ] org.springframework.boot.web.embedded.tomcat.TomcatWebServer.initialize(TomcatWebServer.java:108) org.springframework.boot.web.embedded.tomcat.TomcatWebServer - Tomcat initialized with port(s): 8080 (http)
 2023-05-17 14:16:17.165 [main] [INFO ] org.apache.juli.logging.DirectJDKLog.log(DirectJDKLog.java:173) org.apache.coyote.http11.Http11NioProtocol - Initializing ProtocolHandler ["http-nio-8080"]
 2023-05-17 14:16:17.165 [main] [INFO ] org.apache.juli.logging.DirectJDKLog.log(DirectJDKLog.java:173) org.apache.catalina.core.StandardService - Starting service [Tomcat]
 2023-05-17 14:16:17.165 [main] [INFO ] org.apache.juli.logging.DirectJDKLog.log(DirectJDKLog.java:173) org.apache.catalina.core.StandardEngine - Starting Servlet engine: [Apache Tomcat/9.0.54]
 2023-05-17 14:16:17.212 [main] [INFO ] org.apache.juli.logging.DirectJDKLog.log(DirectJDKLog.java:173) org.apache.catalina.core.ContainerBase.[Tomcat].[localhost].[/] - Initializing Spring embedded WebApplicationContext
 2023-05-17 14:16:17.212 [main] [INFO ] org.springframework.boot.web.servlet.context.ServletWebServerApplicationContext.prepareWebApplicationContext(ServletWebServerApplicationContext.java:290) org.springframework.boot.web.servlet.context.ServletWebServerApplicationContext - Root WebApplicationContext: initialization completed in 500 ms
 2023-05-17 14:16:17.368 [main] [INFO ] org.apache.juli.logging.DirectJDKLog.log(DirectJDKLog.java:173) org.apache.coyote.http11.Http11NioProtocol - Starting ProtocolHandler ["http-nio-8080"]
 2023-05-17 14:16:17.384 [main] [INFO ] org.springframework.boot.web.embedded.tomcat.TomcatWebServer.start(TomcatWebServer.java:220) org.springframework.boot.web.embedded.tomcat.TomcatWebServer - Tomcat started on port(s): 8080 (http) with context path ''
 2023-05-17 14:16:17.399 [main] [INFO ] org.springframework.boot.StartupInfoLogger.logStarted(StartupInfoLogger.java:61) com.lxc.springboot_log.SpringbootLogApplication - Started SpringbootLogApplication in 0.938 seconds (JVM running for 1.811)
 2023-05-17 14:16:20.477 [http-nio-8080-exec-1] [INFO ] org.apache.juli.logging.DirectJDKLog.log(DirectJDKLog.java:173) org.apache.catalina.core.ContainerBase.[Tomcat].[localhost].[/] - Initializing Spring DispatcherServlet 'dispatcherServlet'
 2023-05-17 14:16:20.477 [http-nio-8080-exec-1] [INFO ] org.springframework.web.servlet.FrameworkServlet.initServletBean(FrameworkServlet.java:525) org.springframework.web.servlet.DispatcherServlet - Initializing Servlet 'dispatcherServlet'
 2023-05-17 14:16:20.478 [http-nio-8080-exec-1] [INFO ] org.springframework.web.servlet.FrameworkServlet.initServletBean(FrameworkServlet.java:547) org.springframework.web.servlet.DispatcherServlet - Completed initialization in 0 ms
 2023-05-17 14:16:20.491 [http-nio-8080-exec-1] [INFO ] com.lxc.springboot_log.logs.myLog.logInfo(myLog.java:15) com.lxc.springboot_log.controller.userController - 用户控制器给前端返回一段话
 2023-05-17 14:16:21.729 [http-nio-8080-exec-2] [INFO ] com.lxc.springboot_log.logs.myLog.logInfo(myLog.java:15) com.lxc.springboot_log.controller.userController - 系统控制器给前端返回一段话
 2023-05-17 14:17:33.294 [http-nio-8080-exec-5] [INFO ] com.lxc.springboot_log.logs.myLog.logInfo(myLog.java:15) com.lxc.springboot_log.controller.userController - 系统控制器给前端返回一段话
 2023-05-17 14:17:33.975 [http-nio-8080-exec-6] [INFO ] com.lxc.springboot_log.logs.myLog.logInfo(myLog.java:15) com.lxc.springboot_log.controller.userController - 用户控制器给前端返回一段话
 2023-05-17 14:19:27.283 [main] [INFO ] org.springframework.boot.StartupInfoLogger.logStarting(StartupInfoLogger.java:55) com.lxc.springboot_log.SpringbootLogApplication - Starting SpringbootLogApplication using Java 11.0.9 on DESKTOP-74D2RB8 with PID 19068 (E:\IdeaProjects\Java日志框架\springboot_log\target\classes started by Administrator in E:\IdeaProjects\Java日志框架)
 2023-05-17 14:19:27.299 [main] [DEBUG] org.springframework.boot.StartupInfoLogger.logStarting(StartupInfoLogger.java:56) com.lxc.springboot_log.SpringbootLogApplication - Running with Spring Boot v2.5.6, Spring v5.3.12
 2023-05-17 14:19:27.299 [main] [INFO ] org.springframework.boot.SpringApplication.logStartupProfileInfo(SpringApplication.java:663) com.lxc.springboot_log.SpringbootLogApplication - The following profiles are active: dev
 2023-05-17 14:19:27.767 [main] [INFO ] org.springframework.boot.web.embedded.tomcat.TomcatWebServer.initialize(TomcatWebServer.java:108) org.springframework.boot.web.embedded.tomcat.TomcatWebServer - Tomcat initialized with port(s): 8080 (http)
 2023-05-17 14:19:27.783 [main] [INFO ] org.apache.juli.logging.DirectJDKLog.log(DirectJDKLog.java:173) org.apache.coyote.http11.Http11NioProtocol - Initializing ProtocolHandler ["http-nio-8080"]
 2023-05-17 14:19:27.783 [main] [INFO ] org.apache.juli.logging.DirectJDKLog.log(DirectJDKLog.java:173) org.apache.catalina.core.StandardService - Starting service [Tomcat]
 2023-05-17 14:19:27.783 [main] [INFO ] org.apache.juli.logging.DirectJDKLog.log(DirectJDKLog.java:173) org.apache.catalina.core.StandardEngine - Starting Servlet engine: [Apache Tomcat/9.0.54]
 2023-05-17 14:19:27.830 [main] [INFO ] org.apache.juli.logging.DirectJDKLog.log(DirectJDKLog.java:173) org.apache.catalina.core.ContainerBase.[Tomcat].[localhost].[/] - Initializing Spring embedded WebApplicationContext
 2023-05-17 14:19:27.830 [main] [INFO ] org.springframework.boot.web.servlet.context.ServletWebServerApplicationContext.prepareWebApplicationContext(ServletWebServerApplicationContext.java:290) org.springframework.boot.web.servlet.context.ServletWebServerApplicationContext - Root WebApplicationContext: initialization completed in 516 ms
 2023-05-17 14:19:27.986 [main] [INFO ] org.apache.juli.logging.DirectJDKLog.log(DirectJDKLog.java:173) org.apache.coyote.http11.Http11NioProtocol - Starting ProtocolHandler ["http-nio-8080"]
 2023-05-17 14:19:28.002 [main] [INFO ] org.springframework.boot.web.embedded.tomcat.TomcatWebServer.start(TomcatWebServer.java:220) org.springframework.boot.web.embedded.tomcat.TomcatWebServer - Tomcat started on port(s): 8080 (http) with context path ''
 2023-05-17 14:19:28.002 [main] [INFO ] org.springframework.boot.StartupInfoLogger.logStarted(StartupInfoLogger.java:61) com.lxc.springboot_log.SpringbootLogApplication - Started SpringbootLogApplication in 0.957 seconds (JVM running for 1.948)
 2023-05-17 14:20:05.719 [http-nio-8080-exec-1] [INFO ] org.apache.juli.logging.DirectJDKLog.log(DirectJDKLog.java:173) org.apache.catalina.core.ContainerBase.[Tomcat].[localhost].[/] - Initializing Spring DispatcherServlet 'dispatcherServlet'
 2023-05-17 14:20:05.719 [http-nio-8080-exec-1] [INFO ] org.springframework.web.servlet.FrameworkServlet.initServletBean(FrameworkServlet.java:525) org.springframework.web.servlet.DispatcherServlet - Initializing Servlet 'dispatcherServlet'
 2023-05-17 14:20:05.720 [http-nio-8080-exec-1] [INFO ] org.springframework.web.servlet.FrameworkServlet.initServletBean(FrameworkServlet.java:547) org.springframework.web.servlet.DispatcherServlet - Completed initialization in 1 ms
 2023-05-17 14:20:05.732 [http-nio-8080-exec-1] [INFO ] com.lxc.springboot_log.logs.myLog.logInfo(myLog.java:12) com.lxc.springboot_log.logs.myLog - 用户控制器给前端返回一段话
 2023-05-17 14:20:06.578 [http-nio-8080-exec-2] [INFO ] com.lxc.springboot_log.logs.myLog.logInfo(myLog.java:12) com.lxc.springboot_log.logs.myLog - 系统控制器给前端返回一段话
 2023-05-17 14:22:04.512 [main] [INFO ] org.springframework.boot.StartupInfoLogger.logStarting(StartupInfoLogger.java:55) com.lxc.springboot_log.SpringbootLogApplication - Starting SpringbootLogApplication using Java 11.0.9 on DESKTOP-74D2RB8 with PID 8360 (E:\IdeaProjects\Java日志框架\springboot_log\target\classes started by Administrator in E:\IdeaProjects\Java日志框架)
 2023-05-17 14:22:04.528 [main] [DEBUG] org.springframework.boot.StartupInfoLogger.logStarting(StartupInfoLogger.java:56) com.lxc.springboot_log.SpringbootLogApplication - Running with Spring Boot v2.5.6, Spring v5.3.12
 2023-05-17 14:22:04.528 [main] [INFO ] org.springframework.boot.SpringApplication.logStartupProfileInfo(SpringApplication.java:663) com.lxc.springboot_log.SpringbootLogApplication - The following profiles are active: dev
 2023-05-17 14:22:05.012 [main] [INFO ] org.springframework.boot.web.embedded.tomcat.TomcatWebServer.initialize(TomcatWebServer.java:108) org.springframework.boot.web.embedded.tomcat.TomcatWebServer - Tomcat initialized with port(s): 8080 (http)
 2023-05-17 14:22:05.012 [main] [INFO ] org.apache.juli.logging.DirectJDKLog.log(DirectJDKLog.java:173) org.apache.coyote.http11.Http11NioProtocol - Initializing ProtocolHandler ["http-nio-8080"]
 2023-05-17 14:22:05.012 [main] [INFO ] org.apache.juli.logging.DirectJDKLog.log(DirectJDKLog.java:173) org.apache.catalina.core.StandardService - Starting service [Tomcat]
 2023-05-17 14:22:05.012 [main] [INFO ] org.apache.juli.logging.DirectJDKLog.log(DirectJDKLog.java:173) org.apache.catalina.core.StandardEngine - Starting Servlet engine: [Apache Tomcat/9.0.54]
 2023-05-17 14:22:05.059 [main] [INFO ] org.apache.juli.logging.DirectJDKLog.log(DirectJDKLog.java:173) org.apache.catalina.core.ContainerBase.[Tomcat].[localhost].[/] - Initializing Spring embedded WebApplicationContext
 2023-05-17 14:22:05.059 [main] [INFO ] org.springframework.boot.web.servlet.context.ServletWebServerApplicationContext.prepareWebApplicationContext(ServletWebServerApplicationContext.java:290) org.springframework.boot.web.servlet.context.ServletWebServerApplicationContext - Root WebApplicationContext: initialization completed in 500 ms
 2023-05-17 14:22:05.230 [main] [INFO ] org.apache.juli.logging.DirectJDKLog.log(DirectJDKLog.java:173) org.apache.coyote.http11.Http11NioProtocol - Starting ProtocolHandler ["http-nio-8080"]
 2023-05-17 14:22:05.246 [main] [INFO ] org.springframework.boot.web.embedded.tomcat.TomcatWebServer.start(TomcatWebServer.java:220) org.springframework.boot.web.embedded.tomcat.TomcatWebServer - Tomcat started on port(s): 8080 (http) with context path ''
 2023-05-17 14:22:05.246 [main] [INFO ] org.springframework.boot.StartupInfoLogger.logStarted(StartupInfoLogger.java:61) com.lxc.springboot_log.SpringbootLogApplication - Started SpringbootLogApplication in 0.953 seconds (JVM running for 1.811)
 2023-05-17 14:22:13.062 [http-nio-8080-exec-1] [INFO ] org.apache.juli.logging.DirectJDKLog.log(DirectJDKLog.java:173) org.apache.catalina.core.ContainerBase.[Tomcat].[localhost].[/] - Initializing Spring DispatcherServlet 'dispatcherServlet'
 2023-05-17 14:22:13.062 [http-nio-8080-exec-1] [INFO ] org.springframework.web.servlet.FrameworkServlet.initServletBean(FrameworkServlet.java:525) org.springframework.web.servlet.DispatcherServlet - Initializing Servlet 'dispatcherServlet'
 2023-05-17 14:22:13.063 [http-nio-8080-exec-1] [INFO ] org.springframework.web.servlet.FrameworkServlet.initServletBean(FrameworkServlet.java:547) org.springframework.web.servlet.DispatcherServlet - Completed initialization in 1 ms
 2023-05-17 14:22:13.076 [http-nio-8080-exec-1] [INFO ] com.lxc.springboot_log.controller.systemController.test(systemController.java:19) com.lxc.springboot_log.controller.systemController - 系统控制器给前端返回一段话
 2023-05-17 14:22:13.881 [http-nio-8080-exec-2] [INFO ] com.lxc.springboot_log.controller.userController.test(userController.java:18) com.lxc.springboot_log.controller.userController - 用户控制器给前端返回一段话
 2023-05-17 14:23:19.503 [main] [INFO ] org.springframework.boot.StartupInfoLogger.logStarting(StartupInfoLogger.java:55) com.lxc.springboot_log.SpringbootLogApplication - Starting SpringbootLogApplication using Java 11.0.9 on DESKTOP-74D2RB8 with PID 19848 (E:\IdeaProjects\Java日志框架\springboot_log\target\classes started by Administrator in E:\IdeaProjects\Java日志框架)
 2023-05-17 14:23:19.503 [main] [DEBUG] org.springframework.boot.StartupInfoLogger.logStarting(StartupInfoLogger.java:56) com.lxc.springboot_log.SpringbootLogApplication - Running with Spring Boot v2.5.6, Spring v5.3.12
 2023-05-17 14:23:19.503 [main] [INFO ] org.springframework.boot.SpringApplication.logStartupProfileInfo(SpringApplication.java:663) com.lxc.springboot_log.SpringbootLogApplication - The following profiles are active: dev
 2023-05-17 14:23:20.003 [main] [INFO ] org.springframework.boot.web.embedded.tomcat.TomcatWebServer.initialize(TomcatWebServer.java:108) org.springframework.boot.web.embedded.tomcat.TomcatWebServer - Tomcat initialized with port(s): 8080 (http)
 2023-05-17 14:23:20.003 [main] [INFO ] org.apache.juli.logging.DirectJDKLog.log(DirectJDKLog.java:173) org.apache.coyote.http11.Http11NioProtocol - Initializing ProtocolHandler ["http-nio-8080"]
 2023-05-17 14:23:20.003 [main] [INFO ] org.apache.juli.logging.DirectJDKLog.log(DirectJDKLog.java:173) org.apache.catalina.core.StandardService - Starting service [Tomcat]
 2023-05-17 14:23:20.003 [main] [INFO ] org.apache.juli.logging.DirectJDKLog.log(DirectJDKLog.java:173) org.apache.catalina.core.StandardEngine - Starting Servlet engine: [Apache Tomcat/9.0.54]
 2023-05-17 14:23:20.065 [main] [INFO ] org.apache.juli.logging.DirectJDKLog.log(DirectJDKLog.java:173) org.apache.catalina.core.ContainerBase.[Tomcat].[localhost].[/] - Initializing Spring embedded WebApplicationContext
 2023-05-17 14:23:20.065 [main] [INFO ] org.springframework.boot.web.servlet.context.ServletWebServerApplicationContext.prepareWebApplicationContext(ServletWebServerApplicationContext.java:290) org.springframework.boot.web.servlet.context.ServletWebServerApplicationContext - Root WebApplicationContext: initialization completed in 515 ms
 2023-05-17 14:23:20.221 [main] [INFO ] org.apache.juli.logging.DirectJDKLog.log(DirectJDKLog.java:173) org.apache.coyote.http11.Http11NioProtocol - Starting ProtocolHandler ["http-nio-8080"]
 2023-05-17 14:23:20.221 [main] [INFO ] org.springframework.boot.web.embedded.tomcat.TomcatWebServer.start(TomcatWebServer.java:220) org.springframework.boot.web.embedded.tomcat.TomcatWebServer - Tomcat started on port(s): 8080 (http) with context path ''
 2023-05-17 14:23:20.237 [main] [INFO ] org.springframework.boot.StartupInfoLogger.logStarted(StartupInfoLogger.java:61) com.lxc.springboot_log.SpringbootLogApplication - Started SpringbootLogApplication in 0.996 seconds (JVM running for 1.854)
 2023-05-17 14:23:27.490 [http-nio-8080-exec-1] [INFO ] org.apache.juli.logging.DirectJDKLog.log(DirectJDKLog.java:173) org.apache.catalina.core.ContainerBase.[Tomcat].[localhost].[/] - Initializing Spring DispatcherServlet 'dispatcherServlet'
 2023-05-17 14:23:27.490 [http-nio-8080-exec-1] [INFO ] org.springframework.web.servlet.FrameworkServlet.initServletBean(FrameworkServlet.java:525) org.springframework.web.servlet.DispatcherServlet - Initializing Servlet 'dispatcherServlet'
 2023-05-17 14:23:27.491 [http-nio-8080-exec-1] [INFO ] org.springframework.web.servlet.FrameworkServlet.initServletBean(FrameworkServlet.java:547) org.springframework.web.servlet.DispatcherServlet - Completed initialization in 1 ms
 2023-05-17 14:23:27.505 [http-nio-8080-exec-1] [INFO ] com.lxc.springboot_log.controller.userController.test(userController.java:18) com.lxc.springboot_log.controller.userController - 用户控制器给前端返回一段话
 2023-05-17 14:23:28.470 [http-nio-8080-exec-2] [INFO ] com.lxc.springboot_log.controller.systemController.test(systemController.java:19) com.lxc.springboot_log.controller.systemController - 系统控制器给前端返回一段话
 2023-05-17 14:25:24.248 [http-nio-8080-exec-5] [INFO ] com.lxc.springboot_log.controller.systemController.test(systemController.java:19) com.lxc.springboot_log.controller.systemController - 系统控制器给前端返回一段话
 2023-05-17 14:25:56.146 [main] [INFO ] org.springframework.boot.StartupInfoLogger.logStarting(StartupInfoLogger.java:55) com.lxc.springboot_log.SpringbootLogApplication - Starting SpringbootLogApplication using Java 11.0.9 on DESKTOP-74D2RB8 with PID 8816 (E:\IdeaProjects\Java日志框架\springboot_log\target\classes started by Administrator in E:\IdeaProjects\Java日志框架)
 2023-05-17 14:25:56.146 [main] [DEBUG] org.springframework.boot.StartupInfoLogger.logStarting(StartupInfoLogger.java:56) com.lxc.springboot_log.SpringbootLogApplication - Running with Spring Boot v2.5.6, Spring v5.3.12
 2023-05-17 14:25:56.146 [main] [INFO ] org.springframework.boot.SpringApplication.logStartupProfileInfo(SpringApplication.java:663) com.lxc.springboot_log.SpringbootLogApplication - The following profiles are active: dev
 2023-05-17 14:25:56.630 [main] [INFO ] org.springframework.boot.web.embedded.tomcat.TomcatWebServer.initialize(TomcatWebServer.java:108) org.springframework.boot.web.embedded.tomcat.TomcatWebServer - Tomcat initialized with port(s): 8080 (http)
 2023-05-17 14:25:56.646 [main] [INFO ] org.apache.juli.logging.DirectJDKLog.log(DirectJDKLog.java:173) org.apache.coyote.http11.Http11NioProtocol - Initializing ProtocolHandler ["http-nio-8080"]
 2023-05-17 14:25:56.646 [main] [INFO ] org.apache.juli.logging.DirectJDKLog.log(DirectJDKLog.java:173) org.apache.catalina.core.StandardService - Starting service [Tomcat]
 2023-05-17 14:25:56.646 [main] [INFO ] org.apache.juli.logging.DirectJDKLog.log(DirectJDKLog.java:173) org.apache.catalina.core.StandardEngine - Starting Servlet engine: [Apache Tomcat/9.0.54]
 2023-05-17 14:25:56.693 [main] [INFO ] org.apache.juli.logging.DirectJDKLog.log(DirectJDKLog.java:173) org.apache.catalina.core.ContainerBase.[Tomcat].[localhost].[/] - Initializing Spring embedded WebApplicationContext
 2023-05-17 14:25:56.693 [main] [INFO ] org.springframework.boot.web.servlet.context.ServletWebServerApplicationContext.prepareWebApplicationContext(ServletWebServerApplicationContext.java:290) org.springframework.boot.web.servlet.context.ServletWebServerApplicationContext - Root WebApplicationContext: initialization completed in 515 ms
 2023-05-17 14:25:56.865 [main] [INFO ] org.apache.juli.logging.DirectJDKLog.log(DirectJDKLog.java:173) org.apache.coyote.http11.Http11NioProtocol - Starting ProtocolHandler ["http-nio-8080"]
 2023-05-17 14:25:56.880 [main] [INFO ] org.springframework.boot.web.embedded.tomcat.TomcatWebServer.start(TomcatWebServer.java:220) org.springframework.boot.web.embedded.tomcat.TomcatWebServer - Tomcat started on port(s): 8080 (http) with context path ''
 2023-05-17 14:25:56.880 [main] [INFO ] org.springframework.boot.StartupInfoLogger.logStarted(StartupInfoLogger.java:61) com.lxc.springboot_log.SpringbootLogApplication - Started SpringbootLogApplication in 0.96 seconds (JVM running for 1.799)
 2023-05-17 14:26:02.654 [http-nio-8080-exec-1] [INFO ] org.apache.juli.logging.DirectJDKLog.log(DirectJDKLog.java:173) org.apache.catalina.core.ContainerBase.[Tomcat].[localhost].[/] - Initializing Spring DispatcherServlet 'dispatcherServlet'
 2023-05-17 14:26:02.655 [http-nio-8080-exec-1] [INFO ] org.springframework.web.servlet.FrameworkServlet.initServletBean(FrameworkServlet.java:525) org.springframework.web.servlet.DispatcherServlet - Initializing Servlet 'dispatcherServlet'
 2023-05-17 14:26:02.655 [http-nio-8080-exec-1] [INFO ] org.springframework.web.servlet.FrameworkServlet.initServletBean(FrameworkServlet.java:547) org.springframework.web.servlet.DispatcherServlet - Completed initialization in 0 ms
 2023-05-17 14:26:02.669 [http-nio-8080-exec-1] [WARN ] com.lxc.springboot_log.controller.systemController.test(systemController.java:19) com.lxc.springboot_log.controller.systemController - 系统控制器给前端返回一段话
 2023-05-17 14:26:03.288 [http-nio-8080-exec-2] [WARN ] com.lxc.springboot_log.controller.userController.test(userController.java:18) com.lxc.springboot_log.controller.userController - 用户控制器给前端返回一段话
 2023-05-17 14:26:38.540 [main] [INFO ] org.springframework.boot.StartupInfoLogger.logStarting(StartupInfoLogger.java:55) com.lxc.springboot_log.SpringbootLogApplication - Starting SpringbootLogApplication using Java 11.0.9 on DESKTOP-74D2RB8 with PID 7976 (E:\IdeaProjects\Java日志框架\springboot_log\target\classes started by Administrator in E:\IdeaProjects\Java日志框架)
 2023-05-17 14:26:38.540 [main] [DEBUG] org.springframework.boot.StartupInfoLogger.logStarting(StartupInfoLogger.java:56) com.lxc.springboot_log.SpringbootLogApplication - Running with Spring Boot v2.5.6, Spring v5.3.12
 2023-05-17 14:26:38.540 [main] [INFO ] org.springframework.boot.SpringApplication.logStartupProfileInfo(SpringApplication.java:663) com.lxc.springboot_log.SpringbootLogApplication - The following profiles are active: dev
 2023-05-17 14:26:39.024 [main] [INFO ] org.springframework.boot.web.embedded.tomcat.TomcatWebServer.initialize(TomcatWebServer.java:108) org.springframework.boot.web.embedded.tomcat.TomcatWebServer - Tomcat initialized with port(s): 8080 (http)
 2023-05-17 14:26:39.024 [main] [INFO ] org.apache.juli.logging.DirectJDKLog.log(DirectJDKLog.java:173) org.apache.coyote.http11.Http11NioProtocol - Initializing ProtocolHandler ["http-nio-8080"]
 2023-05-17 14:26:39.024 [main] [INFO ] org.apache.juli.logging.DirectJDKLog.log(DirectJDKLog.java:173) org.apache.catalina.core.StandardService - Starting service [Tomcat]
 2023-05-17 14:26:39.024 [main] [INFO ] org.apache.juli.logging.DirectJDKLog.log(DirectJDKLog.java:173) org.apache.catalina.core.StandardEngine - Starting Servlet engine: [Apache Tomcat/9.0.54]
 2023-05-17 14:26:39.071 [main] [INFO ] org.apache.juli.logging.DirectJDKLog.log(DirectJDKLog.java:173) org.apache.catalina.core.ContainerBase.[Tomcat].[localhost].[/] - Initializing Spring embedded WebApplicationContext
 2023-05-17 14:26:39.071 [main] [INFO ] org.springframework.boot.web.servlet.context.ServletWebServerApplicationContext.prepareWebApplicationContext(ServletWebServerApplicationContext.java:290) org.springframework.boot.web.servlet.context.ServletWebServerApplicationContext - Root WebApplicationContext: initialization completed in 500 ms
 2023-05-17 14:26:39.227 [main] [INFO ] org.apache.juli.logging.DirectJDKLog.log(DirectJDKLog.java:173) org.apache.coyote.http11.Http11NioProtocol - Starting ProtocolHandler ["http-nio-8080"]
 2023-05-17 14:26:39.243 [main] [INFO ] org.springframework.boot.web.embedded.tomcat.TomcatWebServer.start(TomcatWebServer.java:220) org.springframework.boot.web.embedded.tomcat.TomcatWebServer - Tomcat started on port(s): 8080 (http) with context path ''
 2023-05-17 14:26:39.258 [main] [INFO ] org.springframework.boot.StartupInfoLogger.logStarted(StartupInfoLogger.java:61) com.lxc.springboot_log.SpringbootLogApplication - Started SpringbootLogApplication in 0.923 seconds (JVM running for 1.773)
 2023-05-17 14:26:48.834 [main] [INFO ] org.springframework.boot.StartupInfoLogger.logStarting(StartupInfoLogger.java:55) com.lxc.springboot_log.SpringbootLogApplication - Starting SpringbootLogApplication using Java 11.0.9 on DESKTOP-74D2RB8 with PID 18200 (E:\IdeaProjects\Java日志框架\springboot_log\target\classes started by Administrator in E:\IdeaProjects\Java日志框架)
 2023-05-17 14:26:48.834 [main] [DEBUG] org.springframework.boot.StartupInfoLogger.logStarting(StartupInfoLogger.java:56) com.lxc.springboot_log.SpringbootLogApplication - Running with Spring Boot v2.5.6, Spring v5.3.12
 2023-05-17 14:26:48.834 [main] [INFO ] org.springframework.boot.SpringApplication.logStartupProfileInfo(SpringApplication.java:663) com.lxc.springboot_log.SpringbootLogApplication - The following profiles are active: dev
 2023-05-17 14:26:49.303 [main] [INFO ] org.springframework.boot.web.embedded.tomcat.TomcatWebServer.initialize(TomcatWebServer.java:108) org.springframework.boot.web.embedded.tomcat.TomcatWebServer - Tomcat initialized with port(s): 8080 (http)
 2023-05-17 14:26:49.318 [main] [INFO ] org.apache.juli.logging.DirectJDKLog.log(DirectJDKLog.java:173) org.apache.coyote.http11.Http11NioProtocol - Initializing ProtocolHandler ["http-nio-8080"]
 2023-05-17 14:26:49.318 [main] [INFO ] org.apache.juli.logging.DirectJDKLog.log(DirectJDKLog.java:173) org.apache.catalina.core.StandardService - Starting service [Tomcat]
 2023-05-17 14:26:49.318 [main] [INFO ] org.apache.juli.logging.DirectJDKLog.log(DirectJDKLog.java:173) org.apache.catalina.core.StandardEngine - Starting Servlet engine: [Apache Tomcat/9.0.54]
 2023-05-17 14:26:49.365 [main] [INFO ] org.apache.juli.logging.DirectJDKLog.log(DirectJDKLog.java:173) org.apache.catalina.core.ContainerBase.[Tomcat].[localhost].[/] - Initializing Spring embedded WebApplicationContext
 2023-05-17 14:26:49.365 [main] [INFO ] org.springframework.boot.web.servlet.context.ServletWebServerApplicationContext.prepareWebApplicationContext(ServletWebServerApplicationContext.java:290) org.springframework.boot.web.servlet.context.ServletWebServerApplicationContext - Root WebApplicationContext: initialization completed in 500 ms
 2023-05-17 14:26:49.521 [main] [INFO ] org.apache.juli.logging.DirectJDKLog.log(DirectJDKLog.java:173) org.apache.coyote.http11.Http11NioProtocol - Starting ProtocolHandler ["http-nio-8080"]
 2023-05-17 14:26:49.537 [main] [INFO ] org.springframework.boot.web.embedded.tomcat.TomcatWebServer.start(TomcatWebServer.java:220) org.springframework.boot.web.embedded.tomcat.TomcatWebServer - Tomcat started on port(s): 8080 (http) with context path ''
 2023-05-17 14:26:49.537 [main] [INFO ] org.springframework.boot.StartupInfoLogger.logStarted(StartupInfoLogger.java:61) com.lxc.springboot_log.SpringbootLogApplication - Started SpringbootLogApplication in 0.918 seconds (JVM running for 1.745)
 2023-05-17 14:27:16.606 [main] [INFO ] org.springframework.boot.StartupInfoLogger.logStarting(StartupInfoLogger.java:55) com.lxc.springboot_log.SpringbootLogApplication - Starting SpringbootLogApplication using Java 11.0.9 on DESKTOP-74D2RB8 with PID 12804 (E:\IdeaProjects\Java日志框架\springboot_log\target\classes started by Administrator in E:\IdeaProjects\Java日志框架)
 2023-05-17 14:27:16.606 [main] [DEBUG] org.springframework.boot.StartupInfoLogger.logStarting(StartupInfoLogger.java:56) com.lxc.springboot_log.SpringbootLogApplication - Running with Spring Boot v2.5.6, Spring v5.3.12
 2023-05-17 14:27:16.606 [main] [INFO ] org.springframework.boot.SpringApplication.logStartupProfileInfo(SpringApplication.java:663) com.lxc.springboot_log.SpringbootLogApplication - The following profiles are active: dev
 2023-05-17 14:27:17.074 [main] [INFO ] org.springframework.boot.web.embedded.tomcat.TomcatWebServer.initialize(TomcatWebServer.java:108) org.springframework.boot.web.embedded.tomcat.TomcatWebServer - Tomcat initialized with port(s): 8080 (http)
 2023-05-17 14:27:17.074 [main] [INFO ] org.apache.juli.logging.DirectJDKLog.log(DirectJDKLog.java:173) org.apache.coyote.http11.Http11NioProtocol - Initializing ProtocolHandler ["http-nio-8080"]
 2023-05-17 14:27:17.074 [main] [INFO ] org.apache.juli.logging.DirectJDKLog.log(DirectJDKLog.java:173) org.apache.catalina.core.StandardService - Starting service [Tomcat]
 2023-05-17 14:27:17.074 [main] [INFO ] org.apache.juli.logging.DirectJDKLog.log(DirectJDKLog.java:173) org.apache.catalina.core.StandardEngine - Starting Servlet engine: [Apache Tomcat/9.0.54]
 2023-05-17 14:27:17.121 [main] [INFO ] org.apache.juli.logging.DirectJDKLog.log(DirectJDKLog.java:173) org.apache.catalina.core.ContainerBase.[Tomcat].[localhost].[/] - Initializing Spring embedded WebApplicationContext
 2023-05-17 14:27:17.121 [main] [INFO ] org.springframework.boot.web.servlet.context.ServletWebServerApplicationContext.prepareWebApplicationContext(ServletWebServerApplicationContext.java:290) org.springframework.boot.web.servlet.context.ServletWebServerApplicationContext - Root WebApplicationContext: initialization completed in 484 ms
 2023-05-17 14:27:17.277 [main] [INFO ] org.apache.juli.logging.DirectJDKLog.log(DirectJDKLog.java:173) org.apache.coyote.http11.Http11NioProtocol - Starting ProtocolHandler ["http-nio-8080"]
 2023-05-17 14:27:17.293 [main] [INFO ] org.springframework.boot.web.embedded.tomcat.TomcatWebServer.start(TomcatWebServer.java:220) org.springframework.boot.web.embedded.tomcat.TomcatWebServer - Tomcat started on port(s): 8080 (http) with context path ''
 2023-05-17 14:27:17.293 [main] [INFO ] org.springframework.boot.StartupInfoLogger.logStarted(StartupInfoLogger.java:61) com.lxc.springboot_log.SpringbootLogApplication - Started SpringbootLogApplication in 0.919 seconds (JVM running for 1.73)
 